<?xml version="1.0" encoding="UTF-8"?>
<!-- Generated by org.testng.reporters.JUnitXMLReporter -->
<testsuite hostname="DESKTOP-HUDNDMF" ignored="0" name="Test1" tests="5" failures="0" timestamp="26 May 2020 18:49:51 GMT" time="46.953" errors="0">
  <testcase name="verifyMaxMainCategoryList" time="5.894" classname="testcases.MaxMainPageTest"/>
  <testcase name="verifyMaxMainCategoryList" time="0.071" classname="testcases.MaxMainPageTest"/>
  <testcase name="verifyMaxMainCategoryList" time="0.055" classname="testcases.MaxMainPageTest"/>
  <testcase name="verifyMaxMainCategoryList" time="0.197" classname="testcases.MaxMainPageTest"/>
  <testcase name="verifyMaxMainTotalList" time="0.019" classname="testcases.MaxMainPageTest"/>
</testsuite> <!-- Test1 -->
