<?xml version="1.0" encoding="UTF-8"?>
<!-- Generated by org.testng.reporters.JUnitXMLReporter -->
<testsuite hostname="DESKTOP-HUDNDMF" ignored="0" name="Test1" tests="5" failures="0" timestamp="24 May 2020 18:51:15 GMT" time="36.229" errors="0">
  <testcase name="verifyMaxMainCategoryList" time="5.721" classname="testcases.MaxMainPageTest"/>
  <testcase name="verifyMaxMainCategoryList" time="0.052" classname="testcases.MaxMainPageTest"/>
  <testcase name="verifyMaxMainCategoryList" time="0.063" classname="testcases.MaxMainPageTest"/>
  <testcase name="verifyMaxMainCategoryList" time="0.046" classname="testcases.MaxMainPageTest"/>
  <testcase name="verifyMaxMainTotalList" time="0.016" classname="testcases.MaxMainPageTest"/>
</testsuite> <!-- Test1 -->
