<?xml version="1.0" encoding="UTF-8"?>
<!-- Generated by org.testng.reporters.JUnitXMLReporter -->
<testsuite hostname="DESKTOP-HUDNDMF" ignored="2" tests="0" failures="0" timestamp="29 May 2020 16:09:53 GMT" time="0.01" errors="0">
  <testcase name="verifyMaxMainTotalList" time="0.0" classname="testcases.MaxMainPageTest">
    <ignored/>
  </testcase> <!-- verifyMaxMainTotalList -->
  <testcase name="verifyMaxMainCategoryList" time="0.0" classname="testcases.MaxMainPageTest">
    <ignored/>
  </testcase> <!-- verifyMaxMainCategoryList -->
</testsuite>
