<?xml version="1.0" encoding="UTF-8"?>
<!-- Generated by org.testng.reporters.JUnitXMLReporter -->
<testsuite hostname="DESKTOP-HUDNDMF" ignored="0" name="Test2" tests="4" failures="0" timestamp="29 May 2020 16:11:40 GMT" time="106.956" errors="0">
  <testcase name="verifyMaxLogoInHeader" time="5.766" classname="testcases.MaxHeaderPageTest"/>
  <testcase name="verifyWomenProductSelection" time="45.26" classname="testcases.MaxHeaderPageTest"/>
  <testcase name="verifyWomenProductSelection" time="27.904" classname="testcases.MaxHeaderPageTest"/>
  <testcase name="verifyBasketInformation" time="2.163" classname="testcases.MaxHeaderPageTest"/>
</testsuite> <!-- Test2 -->
